<?xml version="1.0" encoding="UTF-8"?>
<!-- Generated by org.testng.reporters.JUnitReportReporter -->
<testsuite hostname="LP-000809s-MacBook-Pro.local" failures="0" tests="1" name="com.testcases.Execution" time="40.486" errors="0" timestamp="2024-07-06T13:42:03 IST" skipped="0">
  <testcase classname="com.testcases.Execution" name="run" time="40.486"/>
</testsuite> <!-- com.testcases.Execution -->
