<?xml version="1.0" encoding="UTF-8"?>
<!-- Generated by org.testng.reporters.JUnitReportReporter -->
<testsuite hostname="LP-000809s-MacBook-Pro.local" failures="0" tests="1" name="com.testcases.Execution" time="97.725" errors="0" timestamp="2024-07-03T01:28:22 IST" skipped="0">
  <testcase classname="com.testcases.Execution" name="run" time="97.725"/>
</testsuite> <!-- com.testcases.Execution -->
