<?xml version="1.0" encoding="UTF-8"?>
<!-- Generated by org.testng.reporters.JUnitReportReporter -->
<testsuite hostname="LP-000721.local" failures="0" tests="1" name="com.testcases.Execution" time="33.044" errors="0" timestamp="2024-05-05T01:08:01 IST" skipped="0">
  <testcase classname="com.testcases.Execution" name="run" time="33.044"/>
</testsuite> <!-- com.testcases.Execution -->
